<?xml version="1.0" encoding="UTF-8"?>
<!-- Generated by org.testng.reporters.JUnitXMLReporter -->
<testsuite ignored="0" hostname="DESKTOP-6M9GUQS" failures="1" tests="1" name="Test" time="9.058" errors="0" timestamp="07 Aug 2020 11:50:52 GMT">
  <testcase classname="mavn.Selenium.functionalTest.Execution" name="Login" time="2.078">
    <failure type="java.lang.NullPointerException">
      <![CDATA[java.lang.NullPointerException
at org.openqa.selenium.support.pagefactory.internal.LocatingElementHandler.invoke(LocatingElementHandler.java:51)
at com.sun.proxy.$Proxy10.sendKeys(Unknown Source)
at mavn.Selenium.driverUtilies.implemention.LoginClass.Login(LoginClass.java:35)
at mavn.Selenium.functionalTest.Execution.Login(Execution.java:36)
... Removed 35 stack frames]]>
    </failure>
  </testcase> <!-- Login -->
</testsuite> <!-- Test -->
